[debug] [2021-11-08T15:18:41.601Z] ----------------------------------------------------------------------
[debug] [2021-11-08T15:18:41.604Z] Command:       C:\Program Files\nodejs\node.exe C:\Users\Administrador\AppData\Roaming\npm\node_modules\firebase-tools\lib\bin\firebase.js init
[debug] [2021-11-08T15:18:41.604Z] CLI Version:   9.22.0
[debug] [2021-11-08T15:18:41.604Z] Platform:      win32
[debug] [2021-11-08T15:18:41.605Z] Node Version:  v14.15.5
[debug] [2021-11-08T15:18:41.606Z] Time:          Mon Nov 08 2021 12:18:41 GMT-0300 (Horário Padrão de Brasília)
[debug] [2021-11-08T15:18:41.606Z] ----------------------------------------------------------------------
[debug] 
[debug] [2021-11-08T15:18:41.611Z] >>> [apiv2][query] GET https://firebase-public.firebaseio.com/cli.json [none]
[debug] [2021-11-08T15:18:41.650Z] > command requires scopes: ["email","openid","https://www.googleapis.com/auth/cloudplatformprojects.readonly","https://www.googleapis.com/auth/firebase","https://www.googleapis.com/auth/cloud-platform"]
[debug] [2021-11-08T15:18:41.650Z] > authorizing via signed-in user (larissa.raie@gmail.com)
[info] 
     ######## #### ########  ######## ########     ###     ######  ########
     ##        ##  ##     ## ##       ##     ##  ##   ##  ##       ##
     ######    ##  ########  ######   ########  #########  ######  ######
     ##        ##  ##    ##  ##       ##     ## ##     ##       ## ##
     ##       #### ##     ## ######## ########  ##     ##  ######  ########

You're about to initialize a Firebase project in this directory:

  C:\Users\Administrador\desktop\TF-Ze-Delivery

[debug] [2021-11-08T15:18:42.429Z] <<< [apiv2][status] GET https://firebase-public.firebaseio.com/cli.json 200
[debug] [2021-11-08T15:18:42.430Z] <<< [apiv2][body] GET https://firebase-public.firebaseio.com/cli.json {"cloudBuildErrorAfter":1594252800000,"cloudBuildWarnAfter":1590019200000,"defaultNode10After":1594252800000,"minVersion":"3.0.5","node8DeploysDisabledAfter":1613390400000,"node8RuntimeDisabledAfter":1615809600000,"node8WarnAfter":1600128000000}
